# JRE version: OpenJDK Runtime Environment Temurin-21.0.10+7 (21.0.10+7) (build 21.0.10+7-LTS)
# Java VM: OpenJDK 64-Bit Server VM Temurin-21.0.10+7 (21.0.10+7-LTS, mixed mode, sharing, tiered, compressed oops, compressed class ptrs, parallel gc, windows-amd64)
GC Precious Log:
 CardTable entry size: 512
 CPUs: 2 total, 2 available
 Memory: 3948M
 Large Page Support: Disabled
 NUMA Support: Disabled
 Compressed Oops: Enabled (32-bit)
 Alignments: Space 512K, Generation 512K, Heap 2M
 Heap Min Capacity: 100M
 Heap Initial Capacity: 100M
 Heap Max Capacity: 2G
 Pre-touch: Disabled
 Parallel Workers: 2
Heap:
 PSYoungGen      total 7680K, used 1908K [0x00000000d5580000, 0x00000000d5e00000, 0x0000000100000000)
  eden space 6144K, 30% used [0x00000000d5580000,0x00000000d574d0e0,0x00000000d5b80000)
  from space 1536K, 4% used [0x00000000d5b80000,0x00000000d5b90000,0x00000000d5d00000)
  to   space 512K, 0% used [0x00000000d5d80000,0x00000000d5d80000,0x00000000d5e00000)
 ParOldGen       total 99840K, used 99664K [0x0000000080000000, 0x0000000086180000, 0x00000000d5580000)
  object space 99840K, 99% used [0x0000000080000000,0x0000000086154170,0x0000000086180000)
 Metaspace       used 69363K, committed 70848K, reserved 1114112K
  class space    used 7324K, committed 7936K, reserved 1048576K
GC Heap History (20 events):
Event: 332.769 GC heap before
{Heap before GC invocations=101 (full 3):
 PSYoungGen      total 7680K, used 7429K [0x00000000d5580000, 0x00000000d6200000, 0x0000000100000000)
  eden space 6144K, 100% used [0x00000000d5580000,0x00000000d5b80000,0x00000000d5b80000)
  from space 1536K, 83% used [0x00000000d5b80000,0x00000000d5cc17a8,0x00000000d5d00000)
  to   space 2560K, 0% used [0x00000000d5f80000,0x00000000d5f80000,0x00000000d6200000)
 ParOldGen       total 91648K, used 91513K [0x0000000080000000, 0x0000000085980000, 0x00000000d5580000)
  object space 91648K, 99% used [0x0000000080000000,0x000000008595e710,0x0000000085980000)
 Metaspace       used 67749K, committed 69312K, reserved 1114112K
  class space    used 7150K, committed 7808K, reserved 1048576K
}
Event: 332.772 GC heap after
{Heap after GC invocations=101 (full 3):
 PSYoungGen      total 8192K, used 1610K [0x00000000d5580000, 0x00000000d6180000, 0x0000000100000000)
  eden space 6144K, 0% used [0x00000000d5580000,0x00000000d5580000,0x00000000d5b80000)
  from space 2048K, 78% used [0x00000000d5f80000,0x00000000d6112b68,0x00000000d6180000)
  to   space 2048K, 0% used [0x00000000d5d80000,0x00000000d5d80000,0x00000000d5f80000)
 ParOldGen       total 92160K, used 91803K [0x0000000080000000, 0x0000000085a00000, 0x00000000d5580000)
  object space 92160K, 99% used [0x0000000080000000,0x00000000859a6e88,0x0000000085a00000)
 Metaspace       used 67749K, committed 69312K, reserved 1114112K
  class space    used 7150K, committed 7808K, reserved 1048576K
}
Event: 333.061 GC heap before
{Heap before GC invocations=102 (full 3):
 PSYoungGen      total 8192K, used 7660K [0x00000000d5580000, 0x00000000d6180000, 0x0000000100000000)
  eden space 6144K, 98% used [0x00000000d5580000,0x00000000d5b68768,0x00000000d5b80000)
  from space 2048K, 78% used [0x00000000d5f80000,0x00000000d6112b68,0x00000000d6180000)
  to   space 2048K, 0% used [0x00000000d5d80000,0x00000000d5d80000,0x00000000d5f80000)
 ParOldGen       total 92160K, used 91803K [0x0000000080000000, 0x0000000085a00000, 0x00000000d5580000)
  object space 92160K, 99% used [0x0000000080000000,0x00000000859a6e88,0x0000000085a00000)
 Metaspace       used 67751K, committed 69312K, reserved 1114112K
  class space    used 7150K, committed 7808K, reserved 1048576K
}
Event: 333.065 GC heap after
{Heap after GC invocations=102 (full 3):
 PSYoungGen      total 8192K, used 1923K [0x00000000d5580000, 0x00000000d6000000, 0x0000000100000000)
  eden space 6144K, 0% used [0x00000000d5580000,0x00000000d5580000,0x00000000d5b80000)
  from space 2048K, 93% used [0x00000000d5d80000,0x00000000d5f60de0,0x00000000d5f80000)
  to   space 512K, 0% used [0x00000000d5f80000,0x00000000d5f80000,0x00000000d6000000)
 ParOldGen       total 93184K, used 92902K [0x0000000080000000, 0x0000000085b00000, 0x00000000d5580000)
  object space 93184K, 99% used [0x0000000080000000,0x0000000085ab9be8,0x0000000085b00000)
 Metaspace       used 67751K, committed 69312K, reserved 1114112K
  class space    used 7150K, committed 7808K, reserved 1048576K
}
Event: 333.117 GC heap before
{Heap before GC invocations=103 (full 3):
 PSYoungGen      total 8192K, used 8067K [0x00000000d5580000, 0x00000000d6000000, 0x0000000100000000)
  eden space 6144K, 100% used [0x00000000d5580000,0x00000000d5b80000,0x00000000d5b80000)
  from space 2048K, 93% used [0x00000000d5d80000,0x00000000d5f60de0,0x00000000d5f80000)
  to   space 512K, 0% used [0x00000000d5f80000,0x00000000d5f80000,0x00000000d6000000)
 ParOldGen       total 93184K, used 92902K [0x0000000080000000, 0x0000000085b00000, 0x00000000d5580000)
  object space 93184K, 99% used [0x0000000080000000,0x0000000085ab9be8,0x0000000085b00000)
 Metaspace       used 67759K, committed 69312K, reserved 1114112K
  class space    used 7150K, committed 7808K, reserved 1048576K
}
Event: 333.130 GC heap after
{Heap after GC invocations=103 (full 3):
 PSYoungGen      total 6656K, used 483K [0x00000000d5580000, 0x00000000d6280000, 0x0000000100000000)
  eden space 6144K, 0% used [0x00000000d5580000,0x00000000d5580000,0x00000000d5b80000)
  from space 512K, 94% used [0x00000000d5f80000,0x00000000d5ff8fc8,0x00000000d6000000)
  to   space 3584K, 0% used [0x00000000d5b80000,0x00000000d5b80000,0x00000000d5f00000)
 ParOldGen       total 95744K, used 95419K [0x0000000080000000, 0x0000000085d80000, 0x00000000d5580000)
  object space 95744K, 99% used [0x0000000080000000,0x0000000085d2ef08,0x0000000085d80000)
 Metaspace       used 67759K, committed 69312K, reserved 1114112K
  class space    used 7150K, committed 7808K, reserved 1048576K
}
Event: 333.347 GC heap before
{Heap before GC invocations=104 (full 3):
 PSYoungGen      total 6656K, used 6627K [0x00000000d5580000, 0x00000000d6280000, 0x0000000100000000)
  eden space 6144K, 100% used [0x00000000d5580000,0x00000000d5b80000,0x00000000d5b80000)
  from space 512K, 94% used [0x00000000d5f80000,0x00000000d5ff8fc8,0x00000000d6000000)
  to   space 3584K, 0% used [0x00000000d5b80000,0x00000000d5b80000,0x00000000d5f00000)
 ParOldGen       total 95744K, used 95419K [0x0000000080000000, 0x0000000085d80000, 0x00000000d5580000)
  object space 95744K, 99% used [0x0000000080000000,0x0000000085d2ef08,0x0000000085d80000)
 Metaspace       used 67760K, committed 69312K, reserved 1114112K
  class space    used 7150K, committed 7808K, reserved 1048576K
}
Event: 333.349 GC heap after
{Heap after GC invocations=104 (full 3):
 PSYoungGen      total 7168K, used 945K [0x00000000d5580000, 0x00000000d6000000, 0x0000000100000000)
  eden space 6144K, 0% used [0x00000000d5580000,0x00000000d5580000,0x00000000d5b80000)
  from space 1024K, 92% used [0x00000000d5b80000,0x00000000d5c6c4e0,0x00000000d5c80000)
  to   space 2048K, 0% used [0x00000000d5e00000,0x00000000d5e00000,0x00000000d6000000)
 ParOldGen       total 96256K, used 95896K [0x0000000080000000, 0x0000000085e00000, 0x00000000d5580000)
  object space 96256K, 99% used [0x0000000080000000,0x0000000085da60a0,0x0000000085e00000)
 Metaspace       used 67760K, committed 69312K, reserved 1114112K
  class space    used 7150K, committed 7808K, reserved 1048576K
}
Event: 333.365 GC heap before
{Heap before GC invocations=105 (full 3):
 PSYoungGen      total 7168K, used 7089K [0x00000000d5580000, 0x00000000d6000000, 0x0000000100000000)
  eden space 6144K, 100% used [0x00000000d5580000,0x00000000d5b80000,0x00000000d5b80000)
  from space 1024K, 92% used [0x00000000d5b80000,0x00000000d5c6c4e0,0x00000000d5c80000)
  to   space 2048K, 0% used [0x00000000d5e00000,0x00000000d5e00000,0x00000000d6000000)
 ParOldGen       total 96256K, used 95896K [0x0000000080000000, 0x0000000085e00000, 0x00000000d5580000)
  object space 96256K, 99% used [0x0000000080000000,0x0000000085da60a0,0x0000000085e00000)
 Metaspace       used 67761K, committed 69312K, reserved 1114112K
  class space    used 7150K, committed 7808K, reserved 1048576K
}
Event: 333.367 GC heap after
{Heap after GC invocations=105 (full 3):
 PSYoungGen      total 7168K, used 521K [0x00000000d5580000, 0x00000000d5f00000, 0x0000000100000000)
  eden space 6144K, 0% used [0x00000000d5580000,0x00000000d5580000,0x00000000d5b80000)
  from space 1024K, 50% used [0x00000000d5e00000,0x00000000d5e82738,0x00000000d5f00000)
  to   space 1024K, 0% used [0x00000000d5b80000,0x00000000d5b80000,0x00000000d5c80000)
 ParOldGen       total 96768K, used 96583K [0x0000000080000000, 0x0000000085e80000, 0x00000000d5580000)
  object space 96768K, 99% used [0x0000000080000000,0x0000000085e51c60,0x0000000085e80000)
 Metaspace       used 67761K, committed 69312K, reserved 1114112K
  class space    used 7150K, committed 7808K, reserved 1048576K
}
Event: 333.491 GC heap before
{Heap before GC invocations=106 (full 3):
 PSYoungGen      total 7168K, used 6594K [0x00000000d5580000, 0x00000000d5f00000, 0x0000000100000000)
  eden space 6144K, 98% used [0x00000000d5580000,0x00000000d5b6e2b8,0x00000000d5b80000)
  from space 1024K, 50% used [0x00000000d5e00000,0x00000000d5e82738,0x00000000d5f00000)
  to   space 1024K, 0% used [0x00000000d5b80000,0x00000000d5b80000,0x00000000d5c80000)
 ParOldGen       total 96768K, used 96583K [0x0000000080000000, 0x0000000085e80000, 0x00000000d5580000)
  object space 96768K, 99% used [0x0000000080000000,0x0000000085e51c60,0x0000000085e80000)
 Metaspace       used 67766K, committed 69312K, reserved 1114112K
  class space    used 7150K, committed 7808K, reserved 1048576K
}
Event: 333.493 GC heap after
{Heap after GC invocations=106 (full 3):
 PSYoungGen      total 7168K, used 1017K [0x00000000d5580000, 0x00000000d5e80000, 0x0000000100000000)
  eden space 6144K, 0% used [0x00000000d5580000,0x00000000d5580000,0x00000000d5b80000)
  from space 1024K, 99% used [0x00000000d5b80000,0x00000000d5c7e768,0x00000000d5c80000)
  to   space 1536K, 0% used [0x00000000d5d00000,0x00000000d5d00000,0x00000000d5e80000)
 ParOldGen       total 97280K, used 96903K [0x0000000080000000, 0x0000000085f00000, 0x00000000d5580000)
  object space 97280K, 99% used [0x0000000080000000,0x0000000085ea1c60,0x0000000085f00000)
 Metaspace       used 67766K, committed 69312K, reserved 1114112K
  class space    used 7150K, committed 7808K, reserved 1048576K
}
Event: 336.115 GC heap before
{Heap before GC invocations=107 (full 3):
 PSYoungGen      total 7168K, used 7161K [0x00000000d5580000, 0x00000000d5e80000, 0x0000000100000000)
  eden space 6144K, 100% used [0x00000000d5580000,0x00000000d5b80000,0x00000000d5b80000)
  from space 1024K, 99% used [0x00000000d5b80000,0x00000000d5c7e768,0x00000000d5c80000)
  to   space 1536K, 0% used [0x00000000d5d00000,0x00000000d5d00000,0x00000000d5e80000)
 ParOldGen       total 97280K, used 96903K [0x0000000080000000, 0x0000000085f00000, 0x00000000d5580000)
  object space 97280K, 99% used [0x0000000080000000,0x0000000085ea1c60,0x0000000085f00000)
 Metaspace       used 68423K, committed 69952K, reserved 1114112K
  class space    used 7216K, committed 7872K, reserved 1048576K
}
Event: 336.117 GC heap after
{Heap after GC invocations=107 (full 3):
 PSYoungGen      total 7168K, used 620K [0x00000000d5580000, 0x00000000d5e00000, 0x0000000100000000)
  eden space 6144K, 0% used [0x00000000d5580000,0x00000000d5580000,0x00000000d5b80000)
  from space 1024K, 60% used [0x00000000d5d00000,0x00000000d5d9b260,0x00000000d5e00000)
  to   space 1024K, 0% used [0x00000000d5b80000,0x00000000d5b80000,0x00000000d5c80000)
 ParOldGen       total 97792K, used 97433K [0x0000000080000000, 0x0000000085f80000, 0x00000000d5580000)
  object space 97792K, 99% used [0x0000000080000000,0x0000000085f26430,0x0000000085f80000)
 Metaspace       used 68423K, committed 69952K, reserved 1114112K
  class space    used 7216K, committed 7872K, reserved 1048576K
}
Event: 336.947 GC heap before
{Heap before GC invocations=108 (full 3):
 PSYoungGen      total 7168K, used 6718K [0x00000000d5580000, 0x00000000d5e00000, 0x0000000100000000)
  eden space 6144K, 99% used [0x00000000d5580000,0x00000000d5b74900,0x00000000d5b80000)
  from space 1024K, 60% used [0x00000000d5d00000,0x00000000d5d9b260,0x00000000d5e00000)
  to   space 1024K, 0% used [0x00000000d5b80000,0x00000000d5b80000,0x00000000d5c80000)
 ParOldGen       total 97792K, used 97433K [0x0000000080000000, 0x0000000085f80000, 0x00000000d5580000)
  object space 97792K, 99% used [0x0000000080000000,0x0000000085f26430,0x0000000085f80000)
 Metaspace       used 68969K, committed 70528K, reserved 1114112K
  class space    used 7277K, committed 7936K, reserved 1048576K
}
Event: 336.952 GC heap after
{Heap after GC invocations=108 (full 3):
 PSYoungGen      total 7168K, used 1024K [0x00000000d5580000, 0x00000000d5f80000, 0x0000000100000000)
  eden space 6144K, 0% used [0x00000000d5580000,0x00000000d5580000,0x00000000d5b80000)
  from space 1024K, 100% used [0x00000000d5b80000,0x00000000d5c80000,0x00000000d5c80000)
  to   space 2048K, 0% used [0x00000000d5d80000,0x00000000d5d80000,0x00000000d5f80000)
 ParOldGen       total 98304K, used 98117K [0x0000000080000000, 0x0000000086000000, 0x00000000d5580000)
  object space 98304K, 99% used [0x0000000080000000,0x0000000085fd1780,0x0000000086000000)
 Metaspace       used 68969K, committed 70528K, reserved 1114112K
  class space    used 7277K, committed 7936K, reserved 1048576K
}
Event: 440.407 GC heap before
{Heap before GC invocations=109 (full 3):
 PSYoungGen      total 7168K, used 7168K [0x00000000d5580000, 0x00000000d5f80000, 0x0000000100000000)
  eden space 6144K, 100% used [0x00000000d5580000,0x00000000d5b80000,0x00000000d5b80000)
  from space 1024K, 100% used [0x00000000d5b80000,0x00000000d5c80000,0x00000000d5c80000)
  to   space 2048K, 0% used [0x00000000d5d80000,0x00000000d5d80000,0x00000000d5f80000)
 ParOldGen       total 98304K, used 98117K [0x0000000080000000, 0x0000000086000000, 0x00000000d5580000)
  object space 98304K, 99% used [0x0000000080000000,0x0000000085fd1780,0x0000000086000000)
 Metaspace       used 69321K, committed 70784K, reserved 1114112K
  class space    used 7324K, committed 7936K, reserved 1048576K
}
Event: 440.848 GC heap after
{Heap after GC invocations=109 (full 3):
 PSYoungGen      total 7168K, used 640K [0x00000000d5580000, 0x00000000d5e80000, 0x0000000100000000)
  eden space 6144K, 0% used [0x00000000d5580000,0x00000000d5580000,0x00000000d5b80000)
  from space 1024K, 62% used [0x00000000d5d80000,0x00000000d5e20020,0x00000000d5e80000)
  to   space 1536K, 0% used [0x00000000d5b80000,0x00000000d5b80000,0x00000000d5d00000)
 ParOldGen       total 99328K, used 99132K [0x0000000080000000, 0x0000000086100000, 0x00000000d5580000)
  object space 99328K, 99% used [0x0000000080000000,0x00000000860cf210,0x0000000086100000)
 Metaspace       used 69321K, committed 70784K, reserved 1114112K
  class space    used 7324K, committed 7936K, reserved 1048576K
}
Event: 2638.612 GC heap before
{Heap before GC invocations=110 (full 3):
 PSYoungGen      total 7168K, used 6784K [0x00000000d5580000, 0x00000000d5e80000, 0x0000000100000000)
  eden space 6144K, 100% used [0x00000000d5580000,0x00000000d5b80000,0x00000000d5b80000)
  from space 1024K, 62% used [0x00000000d5d80000,0x00000000d5e20020,0x00000000d5e80000)
  to   space 1536K, 0% used [0x00000000d5b80000,0x00000000d5b80000,0x00000000d5d00000)
 ParOldGen       total 99328K, used 99132K [0x0000000080000000, 0x0000000086100000, 0x00000000d5580000)
  object space 99328K, 99% used [0x0000000080000000,0x00000000860cf210,0x0000000086100000)
 Metaspace       used 69350K, committed 70848K, reserved 1114112K
  class space    used 7324K, committed 7936K, reserved 1048576K
}
Event: 2639.203 GC heap after
{Heap after GC invocations=110 (full 3):
 PSYoungGen      total 7680K, used 64K [0x00000000d5580000, 0x00000000d5e00000, 0x0000000100000000)
  eden space 6144K, 0% used [0x00000000d5580000,0x00000000d5580000,0x00000000d5b80000)
  from space 1536K, 4% used [0x00000000d5b80000,0x00000000d5b90000,0x00000000d5d00000)
  to   space 512K, 0% used [0x00000000d5d80000,0x00000000d5d80000,0x00000000d5e00000)
 ParOldGen       total 99840K, used 99664K [0x0000000080000000, 0x0000000086180000, 0x00000000d5580000)
  object space 99840K, 99% used [0x0000000080000000,0x0000000086154170,0x0000000086180000)
 Metaspace       used 69350K, committed 70848K, reserved 1114112K
  class space    used 7324K, committed 7936K, reserved 1048576K
}

